        -:    0:Source:unittest4.c
        -:    0:Programs:1
        -:    1:#include "dominion.h"
        -:    2:#include <stdio.h>
        -:    3:#include <assert.h>
        -:    4:
        -:    5:
        -:    6:
        -:    7:///////////////////////////////////////////////////
        -:    8://Fancy Color code stuff
        -:    9:#define RESET  "\x1B[0m"
        -:   10:#define RED  "\x1B[31m"
        -:   11:#define GRN  "\x1B[32m"
        -:   12:#define YEL  "\x1B[33m"
        -:   13:#define BLU  "\x1B[34m"
        -:   14:#define MAG  "\x1B[35m"
        -:   15:#define CYN  "\x1B[36m"
        -:   16:#define WHT  "\x1B[37m"
        -:   17://///////////////////////////////////////////////
        -:   18:
        -:   19:
        -:   20:// test for the function buyCard()
        -:   21:
        -:   22:
        1:   23:int main() {
        -:   24:      
        -:   25:      struct gameState Game;
        1:   26:      struct gameState * t = &Game;
        -:   27:      
        1:   28:      int test = 0;
        1:   29:      Game.coins = 2;
        1:   30:      Game.numBuys = 2;
        1:   31:      test = buyCard(2, t);
        1:   32:      printf(YEL"=========================================\n");
        1:   33:      if(test != -1)
    #####:   34:          printf(RED "Unit Test 3 FAIL \n" RESET" Function:" BLU " buyCard()" RESET " does not let us buy a card with 2 coins!\n" RESET);
        -:   35:      else
        1:   36:          printf(GRN "Unit Test 3 PASS \n" RESET" Function:" BLU " buyCard()" RESET " does let us buy a card with 2 coins!\n" RESET);
        -:   37:      
        1:   38:      Game.coins = 12;
        1:   39:      test = buyCard(2, t);
        1:   40:      if (test == 0)
    #####:   41:          printf(GRN "Unit Test 3 PASS \n" RESET" Function:" BLU " buyCard()" RESET"  allows us to by cards!\n" RESET);
        -:   42:      else
        1:   43:          printf(RED "Unit Test 3 FAIL \n" RESET" Function:" BLU " buyCard()" RESET " does not allow us to by cards!\n" RESET);
        -:   44:      
        1:   45:      Game.coins = 6;
        1:   46:      test = buyCard(2, t);
        1:   47:      if(test == -1)
        1:   48:          printf(GRN "Unit Test 3 PASS \n" RESET" Function:" BLU " buyCard()"RESET" records buys!\n" RESET);
        -:   49:      else
    #####:   50:          printf(RED "Unit Test 3 FAIL \n" RESET" Function:" BLU " buyCard()"RESET" does not record buys!\n" RESET);
        -:   51:          
        1:   52:      printf(YEL"=========================================\n");
        -:   53:
        -:   54:}
        -:   55:
